Unable to capture context for thread 22344 in process 17776, can not generate back trace
Unable to capture context for thread 12116 in process 17776, can not generate back trace
Exception at PC 0x00007FFA23A6BB93
Printing stacktrace...

Unable to capture context for thread 12116 in process 17776, can not generate back trace
Exception at PC 0x00007FFA74244F99
Exception at PC 0x00007FFA74244F99
Exception at PC 0x00007FFA74244F99
Exception at PC 0x00007FFA74244F99
Exception at PC 0x00007FFA74244F99
Exception at PC 0x00007FFA74244F99
Exception at PC 0x00007FFA74244F99
Exception at PC 0x00007FFA74244F99
Exception at PC 0x00007FFA74244F99
Exception at PC 0x00007FFA74244F99
[0]  [0x00007FFA23A6BB93]
[1]  [0x00007FFA23A6BB93]
[2]  [0x00007FFA23A6B4A1]
[3]  [0x00007FFA23A6B3EF]
[4]  [0x00007FFA23A519FE]
[5]  [0x00007FFA23A50ED1]
[6]  [0x00007FFA23A50D76]
[7]  [0x00007FFA239F79F6]
[8]  [0x00007FFA239E7AFB]
[9]  [0x00007FFA23B0E90A]
[10]  [0x00007FFA23B29F87]
[11]  [0x00007FFA23B2A05F]
[12] (BaseThreadInitThunk+0x14) [0x00007FFA752A7034]
[13] (RtlUserThreadStart+0x21) [0x00007FFA76722651]
Done
Exception at PC 0x00007FFA74244F99
Exception at PC 0x00007FFA74244F99
Exception at PC 0x00007FFA74244F99
Exception at PC 0x00007FFA74244F99
Exception at PC 0x00007FFA74244F99
Exception at PC 0x00007FFA74244F99
Exception at PC 0x00007FFA74244F99
Exception at PC 0x00007FFA74244F99
