Vivado Simulator 2016.4
Copyright 1986-1999, 2001-2016 Xilinx, Inc. All Rights Reserved.
Running: D:/Vivado/2016.4/bin/unwrapped/win64.o/xelab.exe -wto 9327f467a21645d38b5cdc3dffb37ce2 --debug typical --relax --mt 2 -L xil_defaultlib -L secureip --snapshot MIPS_behav xil_defaultlib.MIPS -log elaborate.log 
Using 2 slave threads.
Starting static elaboration
Completed static elaboration
Starting simulation data flow analysis
Completed simulation data flow analysis
Time Resolution for simulation is 1ps
Compiling package std.standard
Compiling package std.textio
Compiling package ieee.std_logic_1164
Compiling package ieee.std_logic_arith
Compiling package ieee.std_logic_unsigned
Compiling architecture behavioral of entity xil_defaultlib.MPG [mpg_default]
Compiling architecture behavioral of entity xil_defaultlib.SSD [ssd_default]
Compiling architecture behavioral of entity xil_defaultlib.InstF [instf_default]
Compiling architecture behavioral of entity xil_defaultlib.UC [uc_default]
Compiling architecture behavioral of entity xil_defaultlib.Bloc_Reg [bloc_reg_default]
Compiling architecture behavioral of entity xil_defaultlib.ID [id_default]
Compiling architecture behavioral of entity xil_defaultlib.EX [ex_default]
Compiling architecture behavioral of entity xil_defaultlib.RAM [ram_default]
Compiling architecture behavioral of entity xil_defaultlib.mips
Built simulation snapshot MIPS_behav
