Copyright 1986-2016 Xilinx, Inc. All Rights Reserved.
----------------------------------------------------------------------------------------------------------------------------
| Tool Version     : Vivado v.2016.4 (win64) Build 1756540 Mon Jan 23 19:11:23 MST 2017
| Date             : Sat Apr 17 20:45:03 2021
| Host             : DESKTOP-FSOE1PH running 64-bit major release  (build 9200)
| Command          : report_power -file EX_power_routed.rpt -pb EX_power_summary_routed.pb -rpx EX_power_routed.rpx
| Design           : EX
| Device           : xc7a35tcpg236-1
| Design State     : routed
| Grade            : commercial
| Process          : typical
| Characterization : Production
----------------------------------------------------------------------------------------------------------------------------

Power Report

Table of Contents
-----------------
1. Summary
1.1 On-Chip Components
1.2 Power Supply Summary
1.3 Confidence Level
2. Settings
2.1 Environment
2.2 Clock Constraints
3. Detailed Reports
3.1 By Hierarchy

1. Summary
----------

+--------------------------+----------------------------------+
| Total On-Chip Power (W)  | 24.170 (Junction temp exceeded!) |
| Dynamic (W)              | 23.686                           |
| Device Static (W)        | 0.485                            |
| Effective TJA (C/W)      | 5.0                              |
| Max Ambient (C)          | 0.0                              |
| Junction Temperature (C) | 125.0                            |
| Confidence Level         | Low                              |
| Setting File             | ---                              |
| Simulation Activity File | ---                              |
| Design Nets Matched      | NA                               |
+--------------------------+----------------------------------+


1.1 On-Chip Components
----------------------

+----------------+-----------+----------+-----------+-----------------+
| On-Chip        | Power (W) | Used     | Available | Utilization (%) |
+----------------+-----------+----------+-----------+-----------------+
| Slice Logic    |     0.798 |      170 |       --- |             --- |
|   LUT as Logic |     0.733 |      139 |     20800 |            0.67 |
|   CARRY4       |     0.064 |       14 |      8150 |            0.17 |
|   Others       |     0.000 |        2 |       --- |             --- |
| Signals        |     2.134 |      231 |       --- |             --- |
| I/O            |    20.754 |      105 |       106 |           99.06 |
| Static Power   |     0.485 |          |           |                 |
| Total          |    24.170 |          |           |                 |
+----------------+-----------+----------+-----------+-----------------+


1.2 Power Supply Summary
------------------------

+-----------+-------------+-----------+-------------+------------+
| Source    | Voltage (V) | Total (A) | Dynamic (A) | Static (A) |
+-----------+-------------+-----------+-------------+------------+
| Vccint    |       1.000 |     3.560 |       3.219 |      0.341 |
| Vccaux    |       1.800 |     1.729 |       1.675 |      0.053 |
| Vcco33    |       3.300 |     0.000 |       0.000 |      0.000 |
| Vcco25    |       2.500 |     0.000 |       0.000 |      0.000 |
| Vcco18    |       1.800 |     9.696 |       9.695 |      0.001 |
| Vcco15    |       1.500 |     0.000 |       0.000 |      0.000 |
| Vcco135   |       1.350 |     0.000 |       0.000 |      0.000 |
| Vcco12    |       1.200 |     0.000 |       0.000 |      0.000 |
| Vccaux_io |       1.800 |     0.000 |       0.000 |      0.000 |
| Vccbram   |       1.000 |     0.010 |       0.000 |      0.010 |
| MGTAVcc   |       1.000 |     0.000 |       0.000 |      0.000 |
| MGTAVtt   |       1.200 |     0.000 |       0.000 |      0.000 |
| Vccadc    |       1.800 |     0.020 |       0.000 |      0.020 |
+-----------+-------------+-----------+-------------+------------+


1.3 Confidence Level
--------------------

+-----------------------------+------------+--------------------------------------------------------+------------------------------------------------------------------------------------------------------------+
| User Input Data             | Confidence | Details                                                | Action                                                                                                     |
+-----------------------------+------------+--------------------------------------------------------+------------------------------------------------------------------------------------------------------------+
| Design implementation state | High       | Design is routed                                       |                                                                                                            |
| Clock nodes activity        | High       | User specified more than 95% of clocks                 |                                                                                                            |
| I/O nodes activity          | Low        | More than 75% of inputs are missing user specification | Provide missing input activity with simulation results or by editing the "By Resource Type -> I/Os" view   |
| Internal nodes activity     | Medium     | User specified less than 25% of internal nodes         | Provide missing internal nodes activity with simulation results or by editing the "By Resource Type" views |
| Device models               | High       | Device models are Production                           |                                                                                                            |
|                             |            |                                                        |                                                                                                            |
| Overall confidence level    | Low        |                                                        |                                                                                                            |
+-----------------------------+------------+--------------------------------------------------------+------------------------------------------------------------------------------------------------------------+


2. Settings
-----------

2.1 Environment
---------------

+-----------------------+--------------------------+
| Ambient Temp (C)      | 25.0                     |
| ThetaJA (C/W)         | 5.0                      |
| Airflow (LFM)         | 250                      |
| Heat Sink             | medium (Medium Profile)  |
| ThetaSA (C/W)         | 4.6                      |
| Board Selection       | medium (10"x10")         |
| # of Board Layers     | 12to15 (12 to 15 Layers) |
| Board Temperature (C) | 25.0                     |
+-----------------------+--------------------------+


2.2 Clock Constraints
---------------------

+-------+--------+-----------------+
| Clock | Domain | Constraint (ns) |
+-------+--------+-----------------+


3. Detailed Reports
-------------------

3.1 By Hierarchy
----------------

+------+-----------+
| Name | Power (W) |
+------+-----------+
| EX   |    23.686 |
+------+-----------+


