Unable to capture context for thread 16984 in process 7492, can not generate back trace
Unable to capture context for thread 6048 in process 7492, can not generate back trace
Unable to capture context for thread 5268 in process 7492, can not generate back trace
Exception at PC 0x00007FFE3589BB93
Printing stacktrace...

Exception at PC 0x00007FFED9054F69
Exception at PC 0x00007FFED9054F69
Exception at PC 0x00007FFED9054F69
Exception at PC 0x00007FFED9054F69
Exception at PC 0x00007FFED9054F69
Exception at PC 0x00007FFED9054F69
Exception at PC 0x00007FFED9054F69
Exception at PC 0x00007FFED9054F69
Exception at PC 0x00007FFED9054F69
Exception at PC 0x00007FFED9054F69
Exception at PC 0x00007FFED9054F69
[0]  [0x00007FFE3589BB93]
[1]  [0x00007FFE3589BB93]
[2]  [0x00007FFE3589B4A1]
[3]  [0x00007FFE3589B3EF]
[4]  [0x00007FFE358819FE]
[5]  [0x00007FFE35880ED1]
[6]  [0x00007FFE35880D76]
[7]  [0x00007FFE358279F6]
[8]  [0x00007FFE35817AFB]
[9]  [0x00007FFE3593E90A]
[10]  [0x00007FFE35959F87]
[11]  [0x00007FFE3595A05F]
[12] (BaseThreadInitThunk+0x14) [0x00007FFEDB157034]
[13] (RtlUserThreadStart+0x21) [0x00007FFEDB322651]
Done
Exception at PC 0x00007FFED9054F69
Exception at PC 0x00007FFED9054F69
Exception at PC 0x00007FFED9054F69
Exception at PC 0x00007FFED9054F69
Exception at PC 0x00007FFED9054F69
Exception at PC 0x00007FFED9054F69
Exception at PC 0x00007FFED9054F69
