
*** Running vivado
    with args -log MIPS.vds -m64 -product Vivado -mode batch -messageDb vivado.pb -notrace -source MIPS.tcl


****** Vivado v2016.4 (64-bit)
  **** SW Build 1756540 on Mon Jan 23 19:11:23 MST 2017
  **** IP Build 1755317 on Mon Jan 23 20:30:07 MST 2017
    ** Copyright 1986-2016 Xilinx, Inc. All Rights Reserved.

source MIPS.tcl -notrace
Command: synth_design -top MIPS -part xc7a35tcpg236-1
Starting synth_design
Attempting to get a license for feature 'Synthesis' and/or device 'xc7a35t'
INFO: [Common 17-349] Got license for feature 'Synthesis' and/or device 'xc7a35t'
INFO: Launching helper process for spawning children vivado processes
INFO: Helper process launched with PID 10292 
---------------------------------------------------------------------------------
Starting RTL Elaboration : Time (s): cpu = 00:00:10 ; elapsed = 00:00:12 . Memory (MB): peak = 282.160 ; gain = 71.969
---------------------------------------------------------------------------------
WARNING: [Synth 8-2551] possible infinite loop; process does not have a wait statement [D:/vivado_projects/MIPS/MIPS.srcs/sources_1/new/IF.vhd:85]
INFO: [Synth 8-638] synthesizing module 'MIPS' [D:/vivado_projects/Proiect MIPS/Proiect MIPS.srcs/sources_1/new/MIPS.vhd:45]
INFO: [Synth 8-3491] module 'MPG' declared at 'D:/vivado_projects/test_env/test_env.srcs/sources_1/new/MPG.vhd:36' bound to instance 'comp_mpg1' of component 'MPG' [D:/vivado_projects/Proiect MIPS/Proiect MIPS.srcs/sources_1/new/MIPS.vhd:156]
INFO: [Synth 8-638] synthesizing module 'MPG' [D:/vivado_projects/test_env/test_env.srcs/sources_1/new/MPG.vhd:42]
WARNING: [Synth 8-614] signal 'iesire_num' is read in the process but is not in the sensitivity list [D:/vivado_projects/test_env/test_env.srcs/sources_1/new/MPG.vhd:55]
INFO: [Synth 8-256] done synthesizing module 'MPG' (1#1) [D:/vivado_projects/test_env/test_env.srcs/sources_1/new/MPG.vhd:42]
INFO: [Synth 8-3491] module 'MPG' declared at 'D:/vivado_projects/test_env/test_env.srcs/sources_1/new/MPG.vhd:36' bound to instance 'comp_mpg2' of component 'MPG' [D:/vivado_projects/Proiect MIPS/Proiect MIPS.srcs/sources_1/new/MIPS.vhd:157]
INFO: [Synth 8-3491] module 'SSD' declared at 'D:/vivado_projects/test_env/test_env.srcs/sources_1/new/SSD.vhd:36' bound to instance 'comp_ssd' of component 'SSD' [D:/vivado_projects/Proiect MIPS/Proiect MIPS.srcs/sources_1/new/MIPS.vhd:158]
INFO: [Synth 8-638] synthesizing module 'SSD' [D:/vivado_projects/test_env/test_env.srcs/sources_1/new/SSD.vhd:46]
INFO: [Synth 8-226] default block is never used [D:/vivado_projects/test_env/test_env.srcs/sources_1/new/SSD.vhd:61]
WARNING: [Synth 8-614] signal 'iesire_num' is read in the process but is not in the sensitivity list [D:/vivado_projects/test_env/test_env.srcs/sources_1/new/SSD.vhd:58]
WARNING: [Synth 8-614] signal 'intrare_mux' is read in the process but is not in the sensitivity list [D:/vivado_projects/test_env/test_env.srcs/sources_1/new/SSD.vhd:58]
WARNING: [Synth 8-614] signal 'input0' is read in the process but is not in the sensitivity list [D:/vivado_projects/test_env/test_env.srcs/sources_1/new/SSD.vhd:58]
WARNING: [Synth 8-614] signal 'input1' is read in the process but is not in the sensitivity list [D:/vivado_projects/test_env/test_env.srcs/sources_1/new/SSD.vhd:58]
WARNING: [Synth 8-614] signal 'input2' is read in the process but is not in the sensitivity list [D:/vivado_projects/test_env/test_env.srcs/sources_1/new/SSD.vhd:58]
WARNING: [Synth 8-614] signal 'input3' is read in the process but is not in the sensitivity list [D:/vivado_projects/test_env/test_env.srcs/sources_1/new/SSD.vhd:58]
WARNING: [Synth 8-614] signal 'numar' is read in the process but is not in the sensitivity list [D:/vivado_projects/test_env/test_env.srcs/sources_1/new/SSD.vhd:58]
INFO: [Synth 8-256] done synthesizing module 'SSD' (2#1) [D:/vivado_projects/test_env/test_env.srcs/sources_1/new/SSD.vhd:46]
INFO: [Synth 8-3491] module 'InstF' declared at 'D:/vivado_projects/MIPS/MIPS.srcs/sources_1/new/IF.vhd:35' bound to instance 'comp_InstF' of component 'InstF' [D:/vivado_projects/Proiect MIPS/Proiect MIPS.srcs/sources_1/new/MIPS.vhd:159]
INFO: [Synth 8-638] synthesizing module 'InstF' [D:/vivado_projects/MIPS/MIPS.srcs/sources_1/new/IF.vhd:47]
INFO: [Synth 8-256] done synthesizing module 'InstF' (3#1) [D:/vivado_projects/MIPS/MIPS.srcs/sources_1/new/IF.vhd:47]
INFO: [Synth 8-3491] module 'UC' declared at 'D:/vivado_projects/Proiect MIPS/Proiect MIPS.srcs/sources_1/new/UC.vhd:27' bound to instance 'comp_UC' of component 'UC' [D:/vivado_projects/Proiect MIPS/Proiect MIPS.srcs/sources_1/new/MIPS.vhd:160]
INFO: [Synth 8-638] synthesizing module 'UC' [D:/vivado_projects/Proiect MIPS/Proiect MIPS.srcs/sources_1/new/UC.vhd:42]
INFO: [Synth 8-226] default block is never used [D:/vivado_projects/Proiect MIPS/Proiect MIPS.srcs/sources_1/new/UC.vhd:57]
INFO: [Synth 8-256] done synthesizing module 'UC' (4#1) [D:/vivado_projects/Proiect MIPS/Proiect MIPS.srcs/sources_1/new/UC.vhd:42]
INFO: [Synth 8-3491] module 'ID' declared at 'D:/vivado_projects/MIPS_ID/MIPS_ID.srcs/sources_1/new/ID.vhd:34' bound to instance 'comp_ID' of component 'ID' [D:/vivado_projects/Proiect MIPS/Proiect MIPS.srcs/sources_1/new/MIPS.vhd:161]
INFO: [Synth 8-638] synthesizing module 'ID' [D:/vivado_projects/MIPS_ID/MIPS_ID.srcs/sources_1/new/ID.vhd:49]
INFO: [Synth 8-3491] module 'Bloc_Reg' declared at 'D:/vivado_projects/test_env/test_env.srcs/sources_1/new/Bloc_Reg.vhd:36' bound to instance 'comp1' of component 'Bloc_Reg' [D:/vivado_projects/MIPS_ID/MIPS_ID.srcs/sources_1/new/ID.vhd:73]
INFO: [Synth 8-638] synthesizing module 'Bloc_Reg' [D:/vivado_projects/test_env/test_env.srcs/sources_1/new/Bloc_Reg.vhd:47]
INFO: [Synth 8-256] done synthesizing module 'Bloc_Reg' (5#1) [D:/vivado_projects/test_env/test_env.srcs/sources_1/new/Bloc_Reg.vhd:47]
WARNING: [Synth 8-614] signal 'ExtOp' is read in the process but is not in the sensitivity list [D:/vivado_projects/MIPS_ID/MIPS_ID.srcs/sources_1/new/ID.vhd:74]
WARNING: [Synth 8-614] signal 'instr' is read in the process but is not in the sensitivity list [D:/vivado_projects/MIPS_ID/MIPS_ID.srcs/sources_1/new/ID.vhd:74]
INFO: [Synth 8-256] done synthesizing module 'ID' (6#1) [D:/vivado_projects/MIPS_ID/MIPS_ID.srcs/sources_1/new/ID.vhd:49]
INFO: [Synth 8-3491] module 'EX' declared at 'D:/vivado_projects/EX/EX.srcs/sources_1/new/EX.vhd:36' bound to instance 'comp_EX' of component 'EX' [D:/vivado_projects/Proiect MIPS/Proiect MIPS.srcs/sources_1/new/MIPS.vhd:162]
INFO: [Synth 8-638] synthesizing module 'EX' [D:/vivado_projects/EX/EX.srcs/sources_1/new/EX.vhd:50]
INFO: [Synth 8-226] default block is never used [D:/vivado_projects/EX/EX.srcs/sources_1/new/EX.vhd:61]
WARNING: [Synth 8-614] signal 'DIGITS' is read in the process but is not in the sensitivity list [D:/vivado_projects/EX/EX.srcs/sources_1/new/EX.vhd:82]
INFO: [Synth 8-256] done synthesizing module 'EX' (7#1) [D:/vivado_projects/EX/EX.srcs/sources_1/new/EX.vhd:50]
INFO: [Synth 8-3491] module 'RAM' declared at 'D:/vivado_projects/test_env/test_env.srcs/sources_1/new/RAM.vhd:36' bound to instance 'comp_RAM' of component 'RAM' [D:/vivado_projects/Proiect MIPS/Proiect MIPS.srcs/sources_1/new/MIPS.vhd:164]
INFO: [Synth 8-638] synthesizing module 'RAM' [D:/vivado_projects/test_env/test_env.srcs/sources_1/new/RAM.vhd:46]
INFO: [Synth 8-256] done synthesizing module 'RAM' (8#1) [D:/vivado_projects/test_env/test_env.srcs/sources_1/new/RAM.vhd:46]
WARNING: [Synth 8-614] signal 'sw' is read in the process but is not in the sensitivity list [D:/vivado_projects/Proiect MIPS/Proiect MIPS.srcs/sources_1/new/MIPS.vhd:166]
WARNING: [Synth 8-614] signal 'Instr' is read in the process but is not in the sensitivity list [D:/vivado_projects/Proiect MIPS/Proiect MIPS.srcs/sources_1/new/MIPS.vhd:166]
WARNING: [Synth 8-614] signal 'pc_rez' is read in the process but is not in the sensitivity list [D:/vivado_projects/Proiect MIPS/Proiect MIPS.srcs/sources_1/new/MIPS.vhd:166]
WARNING: [Synth 8-614] signal 'led1' is read in the process but is not in the sensitivity list [D:/vivado_projects/Proiect MIPS/Proiect MIPS.srcs/sources_1/new/MIPS.vhd:166]
WARNING: [Synth 8-614] signal 'led2' is read in the process but is not in the sensitivity list [D:/vivado_projects/Proiect MIPS/Proiect MIPS.srcs/sources_1/new/MIPS.vhd:166]
WARNING: [Synth 8-614] signal 'ext_imm' is read in the process but is not in the sensitivity list [D:/vivado_projects/Proiect MIPS/Proiect MIPS.srcs/sources_1/new/MIPS.vhd:166]
WARNING: [Synth 8-614] signal 'ALURes' is read in the process but is not in the sensitivity list [D:/vivado_projects/Proiect MIPS/Proiect MIPS.srcs/sources_1/new/MIPS.vhd:166]
WARNING: [Synth 8-614] signal 'data1' is read in the process but is not in the sensitivity list [D:/vivado_projects/Proiect MIPS/Proiect MIPS.srcs/sources_1/new/MIPS.vhd:166]
WARNING: [Synth 8-614] signal 'wd' is read in the process but is not in the sensitivity list [D:/vivado_projects/Proiect MIPS/Proiect MIPS.srcs/sources_1/new/MIPS.vhd:166]
INFO: [Synth 8-256] done synthesizing module 'MIPS' (9#1) [D:/vivado_projects/Proiect MIPS/Proiect MIPS.srcs/sources_1/new/MIPS.vhd:45]
WARNING: [Synth 8-3331] design RAM has unconnected port MW
WARNING: [Synth 8-3331] design ID has unconnected port instr[3]
WARNING: [Synth 8-3331] design UC has unconnected port Instr[12]
WARNING: [Synth 8-3331] design UC has unconnected port Instr[11]
WARNING: [Synth 8-3331] design UC has unconnected port Instr[10]
WARNING: [Synth 8-3331] design UC has unconnected port Instr[9]
WARNING: [Synth 8-3331] design UC has unconnected port Instr[8]
WARNING: [Synth 8-3331] design UC has unconnected port Instr[7]
WARNING: [Synth 8-3331] design UC has unconnected port Instr[6]
WARNING: [Synth 8-3331] design UC has unconnected port Instr[5]
WARNING: [Synth 8-3331] design UC has unconnected port Instr[4]
WARNING: [Synth 8-3331] design UC has unconnected port Instr[3]
WARNING: [Synth 8-3331] design UC has unconnected port Instr[2]
WARNING: [Synth 8-3331] design UC has unconnected port Instr[1]
WARNING: [Synth 8-3331] design UC has unconnected port Instr[0]
WARNING: [Synth 8-3331] design InstF has unconnected port PCSrc
WARNING: [Synth 8-3331] design InstF has unconnected port Branch_Adress[15]
WARNING: [Synth 8-3331] design InstF has unconnected port Branch_Adress[14]
WARNING: [Synth 8-3331] design InstF has unconnected port Branch_Adress[13]
WARNING: [Synth 8-3331] design InstF has unconnected port Branch_Adress[12]
WARNING: [Synth 8-3331] design InstF has unconnected port Branch_Adress[11]
WARNING: [Synth 8-3331] design InstF has unconnected port Branch_Adress[10]
WARNING: [Synth 8-3331] design InstF has unconnected port Branch_Adress[9]
WARNING: [Synth 8-3331] design InstF has unconnected port Branch_Adress[8]
WARNING: [Synth 8-3331] design InstF has unconnected port Branch_Adress[7]
WARNING: [Synth 8-3331] design InstF has unconnected port Branch_Adress[6]
WARNING: [Synth 8-3331] design InstF has unconnected port Branch_Adress[5]
WARNING: [Synth 8-3331] design InstF has unconnected port Branch_Adress[4]
WARNING: [Synth 8-3331] design InstF has unconnected port Branch_Adress[3]
WARNING: [Synth 8-3331] design InstF has unconnected port Branch_Adress[2]
WARNING: [Synth 8-3331] design InstF has unconnected port Branch_Adress[1]
WARNING: [Synth 8-3331] design InstF has unconnected port Branch_Adress[0]
WARNING: [Synth 8-3331] design MIPS has unconnected port led[15]
WARNING: [Synth 8-3331] design MIPS has unconnected port led[14]
WARNING: [Synth 8-3331] design MIPS has unconnected port led[13]
WARNING: [Synth 8-3331] design MIPS has unconnected port led[12]
WARNING: [Synth 8-3331] design MIPS has unconnected port led[11]
WARNING: [Synth 8-3331] design MIPS has unconnected port led[10]
WARNING: [Synth 8-3331] design MIPS has unconnected port led[9]
WARNING: [Synth 8-3331] design MIPS has unconnected port led[8]
WARNING: [Synth 8-3331] design MIPS has unconnected port btn[4]
WARNING: [Synth 8-3331] design MIPS has unconnected port btn[3]
WARNING: [Synth 8-3331] design MIPS has unconnected port sw[15]
WARNING: [Synth 8-3331] design MIPS has unconnected port sw[14]
WARNING: [Synth 8-3331] design MIPS has unconnected port sw[13]
WARNING: [Synth 8-3331] design MIPS has unconnected port sw[12]
WARNING: [Synth 8-3331] design MIPS has unconnected port sw[11]
WARNING: [Synth 8-3331] design MIPS has unconnected port sw[10]
WARNING: [Synth 8-3331] design MIPS has unconnected port sw[9]
WARNING: [Synth 8-3331] design MIPS has unconnected port sw[8]
WARNING: [Synth 8-3331] design MIPS has unconnected port sw[4]
WARNING: [Synth 8-3331] design MIPS has unconnected port sw[3]
WARNING: [Synth 8-3331] design MIPS has unconnected port sw[2]
WARNING: [Synth 8-3331] design MIPS has unconnected port sw[1]
WARNING: [Synth 8-3331] design MIPS has unconnected port sw[0]
---------------------------------------------------------------------------------
Finished RTL Elaboration : Time (s): cpu = 00:00:12 ; elapsed = 00:00:14 . Memory (MB): peak = 318.660 ; gain = 108.469
---------------------------------------------------------------------------------

Report Check Netlist: 
+------+------------------+-------+---------+-------+------------------+
|      |Item              |Errors |Warnings |Status |Description       |
+------+------------------+-------+---------+-------+------------------+
|1     |multi_driven_nets |      0|        0|Passed |Multi driven nets |
+------+------------------+-------+---------+-------+------------------+
---------------------------------------------------------------------------------
Finished RTL Optimization Phase 1 : Time (s): cpu = 00:00:12 ; elapsed = 00:00:14 . Memory (MB): peak = 318.660 ; gain = 108.469
---------------------------------------------------------------------------------
INFO: [Device 21-403] Loading part xc7a35tcpg236-1
INFO: [Project 1-570] Preparing netlist for logic optimization

Processing XDC Constraints
Initializing timing engine
Parsing XDC File [D:/vivado_projects/test_env/constrangeri.xdc]
Finished Parsing XDC File [D:/vivado_projects/test_env/constrangeri.xdc]
INFO: [Project 1-236] Implementation specific constraints were found while reading constraint file [D:/vivado_projects/test_env/constrangeri.xdc]. These constraints will be ignored for synthesis but will be used in implementation. Impacted constraints are listed in the file [.Xil/MIPS_propImpl.xdc].
Resolution: To avoid this warning, move constraints listed in [.Xil/MIPS_propImpl.xdc] to another XDC file and exclude this new file from synthesis with the used_in_synthesis property (File Properties dialog in GUI) and re-run elaboration/synthesis.
Completed Processing XDC Constraints

INFO: [Project 1-111] Unisim Transformation Summary:
No Unisim elements were transformed.

Constraint Validation Runtime : Time (s): cpu = 00:00:00 ; elapsed = 00:00:00.006 . Memory (MB): peak = 611.027 ; gain = 0.000
---------------------------------------------------------------------------------
Finished Constraint Validation : Time (s): cpu = 00:00:26 ; elapsed = 00:00:29 . Memory (MB): peak = 611.027 ; gain = 400.836
---------------------------------------------------------------------------------
---------------------------------------------------------------------------------
Start Loading Part and Timing Information
---------------------------------------------------------------------------------
Loading part: xc7a35tcpg236-1
---------------------------------------------------------------------------------
Finished Loading Part and Timing Information : Time (s): cpu = 00:00:26 ; elapsed = 00:00:29 . Memory (MB): peak = 611.027 ; gain = 400.836
---------------------------------------------------------------------------------
---------------------------------------------------------------------------------
Start Applying 'set_property' XDC Constraints
---------------------------------------------------------------------------------
---------------------------------------------------------------------------------
Finished applying 'set_property' XDC Constraints : Time (s): cpu = 00:00:26 ; elapsed = 00:00:29 . Memory (MB): peak = 611.027 ; gain = 400.836
---------------------------------------------------------------------------------
INFO: [Synth 8-5546] ROM "ROM" won't be mapped to RAM because it is too sparse
INFO: [Synth 8-5546] ROM "led" won't be mapped to RAM because it is too sparse
---------------------------------------------------------------------------------
Finished RTL Optimization Phase 2 : Time (s): cpu = 00:00:26 ; elapsed = 00:00:30 . Memory (MB): peak = 611.027 ; gain = 400.836
---------------------------------------------------------------------------------

Report RTL Partitions: 
+-+--------------+------------+----------+
| |RTL Partition |Replication |Instances |
+-+--------------+------------+----------+
+-+--------------+------------+----------+
---------------------------------------------------------------------------------
Start RTL Component Statistics 
---------------------------------------------------------------------------------
Detailed RTL Component Info : 
+---Adders : 
	   2 Input     16 Bit       Adders := 3     
	   3 Input     16 Bit       Adders := 1     
+---XORs : 
	   2 Input     16 Bit         XORs := 1     
+---Registers : 
	                3 Bit    Registers := 1     
	                1 Bit    Registers := 6     
+---Muxes : 
	 257 Input     16 Bit        Muxes := 1     
	   2 Input     16 Bit        Muxes := 5     
	   4 Input      4 Bit        Muxes := 2     
	   8 Input      4 Bit        Muxes := 1     
	   2 Input      3 Bit        Muxes := 1     
	   8 Input      1 Bit        Muxes := 8     
	   2 Input      1 Bit        Muxes := 1     
---------------------------------------------------------------------------------
Finished RTL Component Statistics 
---------------------------------------------------------------------------------
---------------------------------------------------------------------------------
Start RTL Hierarchical Component Statistics 
---------------------------------------------------------------------------------
Hierarchical RTL Component report 
Module MIPS 
Detailed RTL Component Info : 
+---Muxes : 
	   2 Input     16 Bit        Muxes := 1     
Module MPG 
Detailed RTL Component Info : 
+---Registers : 
	                1 Bit    Registers := 3     
Module SSD 
Detailed RTL Component Info : 
+---Muxes : 
	   4 Input      4 Bit        Muxes := 2     
Module InstF 
Detailed RTL Component Info : 
+---Adders : 
	   2 Input     16 Bit       Adders := 1     
+---Muxes : 
	 257 Input     16 Bit        Muxes := 1     
	   2 Input     16 Bit        Muxes := 1     
Module UC 
Detailed RTL Component Info : 
+---Muxes : 
	   8 Input      1 Bit        Muxes := 8     
Module ID 
Detailed RTL Component Info : 
+---Registers : 
	                3 Bit    Registers := 1     
+---Muxes : 
	   2 Input      3 Bit        Muxes := 1     
Module EX 
Detailed RTL Component Info : 
+---Adders : 
	   2 Input     16 Bit       Adders := 2     
	   3 Input     16 Bit       Adders := 1     
+---XORs : 
	   2 Input     16 Bit         XORs := 1     
+---Muxes : 
	   2 Input     16 Bit        Muxes := 3     
	   8 Input      4 Bit        Muxes := 1     
	   2 Input      1 Bit        Muxes := 1     
---------------------------------------------------------------------------------
Finished RTL Hierarchical Component Statistics
---------------------------------------------------------------------------------
---------------------------------------------------------------------------------
Start Part Resource Summary
---------------------------------------------------------------------------------
Part Resources:
DSPs: 90 (col length:60)
BRAMs: 100 (col length: RAMB18 60 RAMB36 30)
---------------------------------------------------------------------------------
Finished Part Resource Summary
---------------------------------------------------------------------------------
---------------------------------------------------------------------------------
Start Cross Boundary and Area Optimization
---------------------------------------------------------------------------------
INFO: [Synth 8-5546] ROM "comp_EX/led" won't be mapped to RAM because it is too sparse
WARNING: [Synth 8-3331] design MIPS has unconnected port led[15]
WARNING: [Synth 8-3331] design MIPS has unconnected port led[14]
WARNING: [Synth 8-3331] design MIPS has unconnected port led[13]
WARNING: [Synth 8-3331] design MIPS has unconnected port led[12]
WARNING: [Synth 8-3331] design MIPS has unconnected port led[11]
WARNING: [Synth 8-3331] design MIPS has unconnected port led[10]
WARNING: [Synth 8-3331] design MIPS has unconnected port led[9]
WARNING: [Synth 8-3331] design MIPS has unconnected port led[8]
WARNING: [Synth 8-3331] design MIPS has unconnected port btn[4]
WARNING: [Synth 8-3331] design MIPS has unconnected port btn[3]
WARNING: [Synth 8-3331] design MIPS has unconnected port sw[15]
WARNING: [Synth 8-3331] design MIPS has unconnected port sw[14]
WARNING: [Synth 8-3331] design MIPS has unconnected port sw[13]
WARNING: [Synth 8-3331] design MIPS has unconnected port sw[12]
WARNING: [Synth 8-3331] design MIPS has unconnected port sw[11]
WARNING: [Synth 8-3331] design MIPS has unconnected port sw[10]
WARNING: [Synth 8-3331] design MIPS has unconnected port sw[9]
WARNING: [Synth 8-3331] design MIPS has unconnected port sw[8]
WARNING: [Synth 8-3331] design MIPS has unconnected port sw[4]
WARNING: [Synth 8-3331] design MIPS has unconnected port sw[3]
WARNING: [Synth 8-3331] design MIPS has unconnected port sw[2]
WARNING: [Synth 8-3331] design MIPS has unconnected port sw[1]
WARNING: [Synth 8-3331] design MIPS has unconnected port sw[0]
---------------------------------------------------------------------------------
Finished Cross Boundary and Area Optimization : Time (s): cpu = 00:00:33 ; elapsed = 00:00:37 . Memory (MB): peak = 611.027 ; gain = 400.836
---------------------------------------------------------------------------------
---------------------------------------------------------------------------------
Start ROM, RAM, DSP and Shift Register Reporting
---------------------------------------------------------------------------------

Distributed RAM: Preliminary Mapping  Report (see note below)
+------------+----------------------------+-----------+----------------------+-----------------+
|Module Name | RTL Object                 | Inference | Size (Depth x Width) | Primitives      | 
+------------+----------------------------+-----------+----------------------+-----------------+
|MIPS        | comp_RAM/RAM_reg           | Implied   | 32 x 16              | RAM32X1S x 16   | 
|MIPS        | comp_ID/comp1/reg_file_reg | Implied   | 8 x 16               | RAM32M x 6      | 
+------------+----------------------------+-----------+----------------------+-----------------+

Note: The table above is a preliminary report that shows the Distributed RAMs at the current stage of the synthesis flow. Some Distributed RAMs may be reimplemented as non Distributed RAM primitives later in the synthesis flow. Multiple instantiated RAMs are reported only once.
---------------------------------------------------------------------------------
Finished ROM, RAM, DSP and Shift Register Reporting
---------------------------------------------------------------------------------

Report RTL Partitions: 
+-+--------------+------------+----------+
| |RTL Partition |Replication |Instances |
+-+--------------+------------+----------+
+-+--------------+------------+----------+
---------------------------------------------------------------------------------
Start Timing Optimization
---------------------------------------------------------------------------------
---------------------------------------------------------------------------------
Start Applying XDC Timing Constraints
---------------------------------------------------------------------------------
---------------------------------------------------------------------------------
Finished Applying XDC Timing Constraints : Time (s): cpu = 00:00:49 ; elapsed = 00:00:53 . Memory (MB): peak = 611.027 ; gain = 400.836
---------------------------------------------------------------------------------
---------------------------------------------------------------------------------
Finished Timing Optimization : Time (s): cpu = 00:00:49 ; elapsed = 00:00:53 . Memory (MB): peak = 611.027 ; gain = 400.836
---------------------------------------------------------------------------------

Report RTL Partitions: 
+-+--------------+------------+----------+
| |RTL Partition |Replication |Instances |
+-+--------------+------------+----------+
+-+--------------+------------+----------+
---------------------------------------------------------------------------------
Start Technology Mapping
---------------------------------------------------------------------------------
---------------------------------------------------------------------------------
Finished Technology Mapping : Time (s): cpu = 00:00:49 ; elapsed = 00:00:53 . Memory (MB): peak = 613.691 ; gain = 403.500
---------------------------------------------------------------------------------

Report RTL Partitions: 
+-+--------------+------------+----------+
| |RTL Partition |Replication |Instances |
+-+--------------+------------+----------+
+-+--------------+------------+----------+
---------------------------------------------------------------------------------
Start IO Insertion
---------------------------------------------------------------------------------
---------------------------------------------------------------------------------
Start Flattening Before IO Insertion
---------------------------------------------------------------------------------
---------------------------------------------------------------------------------
Finished Flattening Before IO Insertion
---------------------------------------------------------------------------------
---------------------------------------------------------------------------------
Start Final Netlist Cleanup
---------------------------------------------------------------------------------
---------------------------------------------------------------------------------
Finished Final Netlist Cleanup
---------------------------------------------------------------------------------
---------------------------------------------------------------------------------
Finished IO Insertion : Time (s): cpu = 00:00:50 ; elapsed = 00:00:54 . Memory (MB): peak = 613.691 ; gain = 403.500
---------------------------------------------------------------------------------

Report Check Netlist: 
+------+------------------+-------+---------+-------+------------------+
|      |Item              |Errors |Warnings |Status |Description       |
+------+------------------+-------+---------+-------+------------------+
|1     |multi_driven_nets |      0|        0|Passed |Multi driven nets |
+------+------------------+-------+---------+-------+------------------+
---------------------------------------------------------------------------------
Start Renaming Generated Instances
---------------------------------------------------------------------------------
---------------------------------------------------------------------------------
Finished Renaming Generated Instances : Time (s): cpu = 00:00:50 ; elapsed = 00:00:54 . Memory (MB): peak = 613.691 ; gain = 403.500
---------------------------------------------------------------------------------

Report RTL Partitions: 
+-+--------------+------------+----------+
| |RTL Partition |Replication |Instances |
+-+--------------+------------+----------+
+-+--------------+------------+----------+
---------------------------------------------------------------------------------
Start Rebuilding User Hierarchy
---------------------------------------------------------------------------------
---------------------------------------------------------------------------------
Finished Rebuilding User Hierarchy : Time (s): cpu = 00:00:50 ; elapsed = 00:00:54 . Memory (MB): peak = 613.691 ; gain = 403.500
---------------------------------------------------------------------------------
---------------------------------------------------------------------------------
Start Renaming Generated Ports
---------------------------------------------------------------------------------
---------------------------------------------------------------------------------
Finished Renaming Generated Ports : Time (s): cpu = 00:00:50 ; elapsed = 00:00:54 . Memory (MB): peak = 613.691 ; gain = 403.500
---------------------------------------------------------------------------------
---------------------------------------------------------------------------------
Start Handling Custom Attributes
---------------------------------------------------------------------------------
---------------------------------------------------------------------------------
Finished Handling Custom Attributes : Time (s): cpu = 00:00:50 ; elapsed = 00:00:54 . Memory (MB): peak = 613.691 ; gain = 403.500
---------------------------------------------------------------------------------
---------------------------------------------------------------------------------
Start Renaming Generated Nets
---------------------------------------------------------------------------------
---------------------------------------------------------------------------------
Finished Renaming Generated Nets : Time (s): cpu = 00:00:50 ; elapsed = 00:00:54 . Memory (MB): peak = 613.691 ; gain = 403.500
---------------------------------------------------------------------------------
---------------------------------------------------------------------------------
Start Writing Synthesis Report
---------------------------------------------------------------------------------

Report BlackBoxes: 
+-+--------------+----------+
| |BlackBox name |Instances |
+-+--------------+----------+
+-+--------------+----------+

Report Cell Usage: 
+------+---------+------+
|      |Cell     |Count |
+------+---------+------+
|1     |BUFG     |     1|
|2     |CARRY4   |    16|
|3     |LUT1     |    36|
|4     |LUT2     |    14|
|5     |LUT3     |    27|
|6     |LUT4     |    17|
|7     |LUT5     |    33|
|8     |LUT6     |    81|
|9     |RAM32M   |     6|
|10    |RAM32X1S |    16|
|11    |FDRE     |    49|
|12    |IBUF     |     7|
|13    |OBUF     |    19|
|14    |OBUFT    |     8|
+------+---------+------+

Report Instance Areas: 
+------+-------------+---------+------+
|      |Instance     |Module   |Cells |
+------+-------------+---------+------+
|1     |top          |         |   330|
|2     |  comp_ID    |ID       |    15|
|3     |    comp1    |Bloc_Reg |    12|
|4     |  comp_InstF |InstF    |   177|
|5     |  comp_RAM   |RAM      |    37|
|6     |  comp_mpg1  |MPG      |    62|
|7     |  comp_mpg2  |MPG_0    |     4|
+------+-------------+---------+------+
---------------------------------------------------------------------------------
Finished Writing Synthesis Report : Time (s): cpu = 00:00:50 ; elapsed = 00:00:54 . Memory (MB): peak = 613.691 ; gain = 403.500
---------------------------------------------------------------------------------
Synthesis finished with 0 errors, 0 critical warnings and 23 warnings.
Synthesis Optimization Runtime : Time (s): cpu = 00:00:30 ; elapsed = 00:00:41 . Memory (MB): peak = 613.691 ; gain = 111.133
Synthesis Optimization Complete : Time (s): cpu = 00:00:50 ; elapsed = 00:00:55 . Memory (MB): peak = 613.691 ; gain = 403.500
INFO: [Project 1-571] Translating synthesized netlist
INFO: [Netlist 29-17] Analyzing 45 Unisim elements for replacement
INFO: [Netlist 29-28] Unisim Transformation completed in 0 CPU seconds
INFO: [Project 1-570] Preparing netlist for logic optimization
INFO: [Opt 31-138] Pushed 0 inverter(s) to 0 load pin(s).
INFO: [Project 1-111] Unisim Transformation Summary:
  A total of 22 instances were transformed.
  RAM32M => RAM32M (RAMD32, RAMD32, RAMD32, RAMD32, RAMD32, RAMD32, RAMS32, RAMS32): 6 instances
  RAM32X1S => RAM32X1S (RAMS32): 16 instances

INFO: [Common 17-83] Releasing license: Synthesis
54 Infos, 99 Warnings, 0 Critical Warnings and 0 Errors encountered.
synth_design completed successfully
synth_design: Time (s): cpu = 00:00:49 ; elapsed = 00:00:52 . Memory (MB): peak = 613.691 ; gain = 403.500
INFO: [Common 17-1381] The checkpoint 'D:/vivado_projects/Proiect MIPS/Proiect MIPS.runs/synth_1/MIPS.dcp' has been generated.
report_utilization: Time (s): cpu = 00:00:00 ; elapsed = 00:00:00.031 . Memory (MB): peak = 613.691 ; gain = 0.000
INFO: [Common 17-206] Exiting Vivado at Thu Apr 22 22:52:08 2021...
