Unable to capture context for thread 3648 in process 17192, can not generate back trace
Unable to capture context for thread 11852 in process 17192, can not generate back trace
Exception at PC 0x00007FF9D975BB93
Printing stacktrace...

Exception at PC 0x00007FFA74244F99
Exception at PC 0x00007FFA74244F99
Exception at PC 0x00007FFA74244F99
Exception at PC 0x00007FFA74244F99
Exception at PC 0x00007FFA74244F99
Exception at PC 0x00007FFA74244F99
Exception at PC 0x00007FFA74244F99
Exception at PC 0x00007FFA74244F99
Exception at PC 0x00007FFA74244F99
Exception at PC 0x00007FFA74244F99
[0]  [0x00007FF9D975BB93]
[1]  [0x00007FF9D975BB93]
[2]  [0x00007FF9D975B4A1]
[3]  [0x00007FF9D975B3EF]
[4]  [0x00007FF9D97419FE]
[5]  [0x00007FF9D9740ED1]
[6]  [0x00007FF9D9740D76]
[7]  [0x00007FF9D96E79F6]
[8]  [0x00007FF9D96D7AFB]
[9]  [0x00007FF9D97FE90A]
[10]  [0x00007FF9D9819F87]
[11]  [0x00007FF9D981A05F]
[12] (BaseThreadInitThunk+0x14) [0x00007FFA752A7034]
[13] (RtlUserThreadStart+0x21) [0x00007FFA76722651]
Done
Exception at PC 0x00007FFA74244F99
Exception at PC 0x00007FFA74244F99
Exception at PC 0x00007FFA74244F99
Exception at PC 0x00007FFA74244F99
Exception at PC 0x00007FFA74244F99
Exception at PC 0x00007FFA74244F99
Exception at PC 0x00007FFA74244F99
Exception at PC 0x00007FFA74244F99
