Copyright 1986-2016 Xilinx, Inc. All Rights Reserved.
------------------------------------------------------------------------------------
| Tool Version : Vivado v.2016.4 (win64) Build 1756540 Mon Jan 23 19:11:23 MST 2017
| Date         : Fri May 21 17:40:31 2021
| Host         : DESKTOP-FSOE1PH running 64-bit major release  (build 9200)
| Command      : report_control_sets -verbose -file MIPS_control_sets_placed.rpt
| Design       : MIPS
| Device       : xc7a35t
------------------------------------------------------------------------------------

Control Set Information

Table of Contents
-----------------
1. Summary
2. Flip-Flop Distribution
3. Detailed Control Set Information

1. Summary
----------

+----------------------------------------------------------+-------+
|                          Status                          | Count |
+----------------------------------------------------------+-------+
| Number of unique control sets                            |     6 |
| Unused register locations in slices containing registers |    12 |
+----------------------------------------------------------+-------+


2. Flip-Flop Distribution
-------------------------

+--------------+-----------------------+------------------------+-----------------+--------------+
| Clock Enable | Synchronous Set/Reset | Asynchronous Set/Reset | Total Registers | Total Slices |
+--------------+-----------------------+------------------------+-----------------+--------------+
| No           | No                    | No                     |              23 |            9 |
| No           | No                    | Yes                    |               0 |            0 |
| No           | Yes                   | No                     |               0 |            0 |
| Yes          | No                    | No                     |             133 |           49 |
| Yes          | No                    | Yes                    |               0 |            0 |
| Yes          | Yes                   | No                     |              24 |            7 |
+--------------+-----------------------+------------------------+-----------------+--------------+


3. Detailed Control Set Information
-----------------------------------

+----------------+----------------+------------------+------------------+----------------+
|  Clock Signal  |  Enable Signal | Set/Reset Signal | Slice Load Count | Bel Load Count |
+----------------+----------------+------------------+------------------+----------------+
|  clk_IBUF_BUFG | comp_mpg1/eqOp |                  |                1 |              2 |
|  clk_IBUF_BUFG | btn_IBUF[2]    |                  |                4 |             16 |
|  clk_IBUF_BUFG |                |                  |                9 |             23 |
|  clk_IBUF_BUFG | comp_mpg2/E[0] | comp_mpg1/reset  |                7 |             24 |
|  clk_IBUF_BUFG | wen            |                  |                6 |             48 |
|  clk_IBUF_BUFG | comp_mpg2/E[0] |                  |               48 |            131 |
+----------------+----------------+------------------+------------------+----------------+


+--------+-----------------------+
| Fanout | Number of ControlSets |
+--------+-----------------------+
| 2      |                     1 |
| 16+    |                     5 |
+--------+-----------------------+


