Unable to capture context for thread 7308 in process 20920, can not generate back trace
Unable to capture context for thread 15044 in process 20920, can not generate back trace
Exception at PC 0x00007FFA74244F99
Unable to capture context for thread 976 in process 20920, can not generate back trace
Unable to capture context for thread 7040 in process 20920, can not generate back trace
Unable to capture context for thread 16688 in process 20920, can not generate back trace
Exception at PC 0x00007FFA74244F99
Unable to capture context for thread 976 in process 20920, can not generate back trace
Unable to capture context for thread 16688 in process 20920, can not generate back trace
Exception at PC 0x00007FF9C259BB93
Printing stacktrace...

Exception at PC 0x00007FFA74244F99
Exception at PC 0x00007FFA74244F99
Exception at PC 0x00007FFA74244F99
Exception at PC 0x00007FFA74244F99
Exception at PC 0x00007FFA74244F99
Exception at PC 0x00007FFA74244F99
Exception at PC 0x00007FFA74244F99
Exception at PC 0x00007FFA74244F99
Exception at PC 0x00007FFA74244F99
Exception at PC 0x00007FFA74244F99
[0]  [0x00007FF9C259BB93]
[1]  [0x00007FF9C259BB93]
[2]  [0x00007FF9C259B4A1]
[3]  [0x00007FF9C259B3EF]
[4]  [0x00007FF9C25819FE]
[5]  [0x00007FF9C2580ED1]
[6]  [0x00007FF9C2580D76]
[7]  [0x00007FF9C25279F6]
[8]  [0x00007FF9C2517AFB]
[9]  [0x00007FF9C263E90A]
[10]  [0x00007FF9C2659F87]
[11]  [0x00007FF9C265A05F]
[12] (BaseThreadInitThunk+0x14) [0x00007FFA752A7034]
[13] (RtlUserThreadStart+0x21) [0x00007FFA76722651]
Done
Exception at PC 0x00007FFA74244F99
Exception at PC 0x00007FFA74244F99
Exception at PC 0x00007FFA74244F99
Exception at PC 0x00007FFA74244F99
Exception at PC 0x00007FFA74244F99
Exception at PC 0x00007FFA74244F99
Exception at PC 0x00007FFA74244F99
