
*** Running vivado
    with args -log SPI.vdi -applog -m64 -product Vivado -messageDb vivado.pb -mode batch -source SPI.tcl -notrace


****** Vivado v2016.4 (64-bit)
  **** SW Build 1756540 on Mon Jan 23 19:11:23 MST 2017
  **** IP Build 1755317 on Mon Jan 23 20:30:07 MST 2017
    ** Copyright 1986-2016 Xilinx, Inc. All Rights Reserved.

source SPI.tcl -notrace
Design is defaulting to srcset: sources_1
Design is defaulting to constrset: constrs_1
INFO: [Netlist 29-17] Analyzing 9 Unisim elements for replacement
INFO: [Netlist 29-28] Unisim Transformation completed in 0 CPU seconds
INFO: [Project 1-479] Netlist was created with Vivado 2016.4
INFO: [Device 21-403] Loading part xc7a100tcsg324-1
INFO: [Project 1-570] Preparing netlist for logic optimization
INFO: [Opt 31-138] Pushed 0 inverter(s) to 0 load pin(s).
INFO: [Project 1-111] Unisim Transformation Summary:
No Unisim elements were transformed.

link_design: Time (s): cpu = 00:00:08 ; elapsed = 00:00:08 . Memory (MB): peak = 460.863 ; gain = 251.270
INFO: [Vivado_Tcl 4-424] Cannot write hardware definition file as there are no IPI block design hardware handoff files present
Command: opt_design
Attempting to get a license for feature 'Implementation' and/or device 'xc7a100t'
INFO: [Common 17-349] Got license for feature 'Implementation' and/or device 'xc7a100t'
Running DRC as a precondition to command opt_design

Starting DRC Task
INFO: [DRC 23-27] Running DRC with 2 threads
ERROR: [DRC 23-20] Rule violation (MDRV-1) Multiple Driver Nets - Net val[0] has multiple drivers: val_reg[0]/Q, val_reg[0]__0/Q.
ERROR: [DRC 23-20] Rule violation (MDRV-1) Multiple Driver Nets - Net val[10] has multiple drivers: val_reg[10]/Q, val_reg[10]__0/Q.
ERROR: [DRC 23-20] Rule violation (MDRV-1) Multiple Driver Nets - Net val[11] has multiple drivers: val_reg[11]/Q, val_reg[11]__0/Q.
ERROR: [DRC 23-20] Rule violation (MDRV-1) Multiple Driver Nets - Net val[12] has multiple drivers: val_reg[12]__0/Q, val_reg[12]/Q.
ERROR: [DRC 23-20] Rule violation (MDRV-1) Multiple Driver Nets - Net val[13] has multiple drivers: val_reg[13]__0/Q, val_reg[13]/Q.
ERROR: [DRC 23-20] Rule violation (MDRV-1) Multiple Driver Nets - Net val[14] has multiple drivers: val_reg[14]/Q, val_reg[14]__0/Q.
ERROR: [DRC 23-20] Rule violation (MDRV-1) Multiple Driver Nets - Net val[15] has multiple drivers: val_reg[15]/Q, val_reg[15]__0/Q.
ERROR: [DRC 23-20] Rule violation (MDRV-1) Multiple Driver Nets - Net val[16] has multiple drivers: val_reg[16]/Q, val_reg[16]__0/Q.
ERROR: [DRC 23-20] Rule violation (MDRV-1) Multiple Driver Nets - Net val[17] has multiple drivers: val_reg[17]/Q, val_reg[17]__0/Q.
ERROR: [DRC 23-20] Rule violation (MDRV-1) Multiple Driver Nets - Net val[18] has multiple drivers: val_reg[18]/Q, val_reg[18]__0/Q.
ERROR: [DRC 23-20] Rule violation (MDRV-1) Multiple Driver Nets - Net val[19] has multiple drivers: val_reg[19]/Q, val_reg[19]__0/Q.
ERROR: [DRC 23-20] Rule violation (MDRV-1) Multiple Driver Nets - Net val[1] has multiple drivers: val_reg[1]__0/Q, val_reg[1]/Q.
ERROR: [DRC 23-20] Rule violation (MDRV-1) Multiple Driver Nets - Net val[20] has multiple drivers: val_reg[20]/Q, val_reg[20]__0/Q.
ERROR: [DRC 23-20] Rule violation (MDRV-1) Multiple Driver Nets - Net val[21] has multiple drivers: val_reg[21]/Q, val_reg[21]__0/Q.
ERROR: [DRC 23-20] Rule violation (MDRV-1) Multiple Driver Nets - Net val[22] has multiple drivers: val_reg[22]/Q, val_reg[22]__0/Q.
ERROR: [DRC 23-20] Rule violation (MDRV-1) Multiple Driver Nets - Net val[23] has multiple drivers: val_reg[23]/Q, val_reg[23]__0/Q.
ERROR: [DRC 23-20] Rule violation (MDRV-1) Multiple Driver Nets - Net val[24] has multiple drivers: val_reg[24]/Q, val_reg[24]__0/Q.
ERROR: [DRC 23-20] Rule violation (MDRV-1) Multiple Driver Nets - Net val[25] has multiple drivers: val_reg[25]/Q, val_reg[25]__0/Q.
ERROR: [DRC 23-20] Rule violation (MDRV-1) Multiple Driver Nets - Net val[26] has multiple drivers: val_reg[26]/Q, val_reg[26]__0/Q.
ERROR: [DRC 23-20] Rule violation (MDRV-1) Multiple Driver Nets - Net val[27] has multiple drivers: val_reg[27]/Q, val_reg[27]__0/Q.
ERROR: [DRC 23-20] Rule violation (MDRV-1) Multiple Driver Nets - Net val[28] has multiple drivers: val_reg[28]/Q, val_reg[28]__0/Q.
ERROR: [DRC 23-20] Rule violation (MDRV-1) Multiple Driver Nets - Net val[29] has multiple drivers: val_reg[29]/Q, val_reg[29]__0/Q.
ERROR: [DRC 23-20] Rule violation (MDRV-1) Multiple Driver Nets - Net val[2] has multiple drivers: val_reg[2]/Q, val_reg[2]__0/Q.
ERROR: [DRC 23-20] Rule violation (MDRV-1) Multiple Driver Nets - Net val[30] has multiple drivers: val_reg[30]/Q, val_reg[30]__0/Q.
ERROR: [DRC 23-20] Rule violation (MDRV-1) Multiple Driver Nets - Net val[31] has multiple drivers: val_reg[31]/Q, val_reg[31]__0/Q.
ERROR: [DRC 23-20] Rule violation (MDRV-1) Multiple Driver Nets - Net val[3] has multiple drivers: val_reg[3]__0/Q, val_reg[3]/Q.
ERROR: [DRC 23-20] Rule violation (MDRV-1) Multiple Driver Nets - Net val[4] has multiple drivers: val_reg[4]__0/Q, val_reg[4]/Q.
ERROR: [DRC 23-20] Rule violation (MDRV-1) Multiple Driver Nets - Net val[5] has multiple drivers: val_reg[5]__0/Q, val_reg[5]/Q.
ERROR: [DRC 23-20] Rule violation (MDRV-1) Multiple Driver Nets - Net val[6] has multiple drivers: val_reg[6]__0/Q, val_reg[6]/Q.
ERROR: [DRC 23-20] Rule violation (MDRV-1) Multiple Driver Nets - Net val[7] has multiple drivers: val_reg[7]__0/Q, val_reg[7]/Q.
ERROR: [DRC 23-20] Rule violation (MDRV-1) Multiple Driver Nets - Net val[8] has multiple drivers: val_reg[8]__0/Q, val_reg[8]/Q.
ERROR: [DRC 23-20] Rule violation (MDRV-1) Multiple Driver Nets - Net val[9] has multiple drivers: val_reg[9]/Q, val_reg[9]__0/Q.
INFO: [Project 1-461] DRC finished with 32 Errors
INFO: [Project 1-462] Please refer to the DRC report (report_drc) for more information.
ERROR: [Vivado_Tcl 4-78] Error(s) found during DRC. Opt_design not run.

Time (s): cpu = 00:00:01 ; elapsed = 00:00:00.871 . Memory (MB): peak = 474.039 ; gain = 13.055
INFO: [Common 17-83] Releasing license: Implementation
13 Infos, 0 Warnings, 0 Critical Warnings and 33 Errors encountered.
opt_design failed
ERROR: [Common 17-39] 'opt_design' failed due to earlier errors.

INFO: [Common 17-206] Exiting Vivado at Mon Jan 10 03:55:29 2022...
