
*** Running vivado
    with args -log sumator_8_biti.vds -m64 -product Vivado -mode batch -messageDb vivado.pb -notrace -source sumator_8_biti.tcl


****** Vivado v2016.4 (64-bit)
  **** SW Build 1756540 on Mon Jan 23 19:11:23 MST 2017
  **** IP Build 1755317 on Mon Jan 23 20:30:07 MST 2017
    ** Copyright 1986-2016 Xilinx, Inc. All Rights Reserved.

source sumator_8_biti.tcl -notrace
Command: synth_design -top sumator_8_biti -part xc7a100tcsg324-1
Starting synth_design
Attempting to get a license for feature 'Synthesis' and/or device 'xc7a100t'
INFO: [Common 17-349] Got license for feature 'Synthesis' and/or device 'xc7a100t'
INFO: Launching helper process for spawning children vivado processes
INFO: Helper process launched with PID 16132 
---------------------------------------------------------------------------------
Starting Synthesize : Time (s): cpu = 00:00:08 ; elapsed = 00:00:09 . Memory (MB): peak = 281.906 ; gain = 71.676
---------------------------------------------------------------------------------
INFO: [Synth 8-638] synthesizing module 'sumator_8_biti' [D:/vivado_projects/sumator/sumator.srcs/sources_1/new/sumator_8_biti.vhd:42]
WARNING: [Synth 8-614] signal 'G1' is read in the process but is not in the sensitivity list [D:/vivado_projects/sumator/sumator.srcs/sources_1/new/sumator_8_biti.vhd:51]
WARNING: [Synth 8-614] signal 'P1' is read in the process but is not in the sensitivity list [D:/vivado_projects/sumator/sumator.srcs/sources_1/new/sumator_8_biti.vhd:51]
WARNING: [Synth 8-614] signal 'trans' is read in the process but is not in the sensitivity list [D:/vivado_projects/sumator/sumator.srcs/sources_1/new/sumator_8_biti.vhd:51]
INFO: [Synth 8-3491] module 'sumator_2_biti' declared at 'D:/vivado_projects/sumator/sumator.srcs/sources_1/new/sumator_2_biti.vhd:35' bound to instance 'C1' of component 'sumator_2_biti' [D:/vivado_projects/sumator/sumator.srcs/sources_1/new/sumator_8_biti.vhd:60]
INFO: [Synth 8-638] synthesizing module 'sumator_2_biti' [D:/vivado_projects/sumator/sumator.srcs/sources_1/new/sumator_2_biti.vhd:44]
WARNING: [Synth 8-614] signal 'g_dub' is read in the process but is not in the sensitivity list [D:/vivado_projects/sumator/sumator.srcs/sources_1/new/sumator_2_biti.vhd:49]
WARNING: [Synth 8-614] signal 'p_dub' is read in the process but is not in the sensitivity list [D:/vivado_projects/sumator/sumator.srcs/sources_1/new/sumator_2_biti.vhd:49]
WARNING: [Synth 8-614] signal 'trans' is read in the process but is not in the sensitivity list [D:/vivado_projects/sumator/sumator.srcs/sources_1/new/sumator_2_biti.vhd:49]
INFO: [Synth 8-256] done synthesizing module 'sumator_2_biti' (1#1) [D:/vivado_projects/sumator/sumator.srcs/sources_1/new/sumator_2_biti.vhd:44]
INFO: [Synth 8-3491] module 'sumator_2_biti' declared at 'D:/vivado_projects/sumator/sumator.srcs/sources_1/new/sumator_2_biti.vhd:35' bound to instance 'C2' of component 'sumator_2_biti' [D:/vivado_projects/sumator/sumator.srcs/sources_1/new/sumator_8_biti.vhd:62]
INFO: [Synth 8-3491] module 'sumator_2_biti' declared at 'D:/vivado_projects/sumator/sumator.srcs/sources_1/new/sumator_2_biti.vhd:35' bound to instance 'C3' of component 'sumator_2_biti' [D:/vivado_projects/sumator/sumator.srcs/sources_1/new/sumator_8_biti.vhd:64]
INFO: [Synth 8-3491] module 'sumator_2_biti' declared at 'D:/vivado_projects/sumator/sumator.srcs/sources_1/new/sumator_2_biti.vhd:35' bound to instance 'C4' of component 'sumator_2_biti' [D:/vivado_projects/sumator/sumator.srcs/sources_1/new/sumator_8_biti.vhd:66]
INFO: [Synth 8-256] done synthesizing module 'sumator_8_biti' (2#1) [D:/vivado_projects/sumator/sumator.srcs/sources_1/new/sumator_8_biti.vhd:42]
---------------------------------------------------------------------------------
Finished Synthesize : Time (s): cpu = 00:00:09 ; elapsed = 00:00:11 . Memory (MB): peak = 319.309 ; gain = 109.078
---------------------------------------------------------------------------------
---------------------------------------------------------------------------------
Finished Constraint Validation : Time (s): cpu = 00:00:09 ; elapsed = 00:00:11 . Memory (MB): peak = 319.309 ; gain = 109.078
---------------------------------------------------------------------------------
---------------------------------------------------------------------------------
Start Loading Part and Timing Information
---------------------------------------------------------------------------------
Loading part: xc7a100tcsg324-1
---------------------------------------------------------------------------------
Finished Loading Part and Timing Information : Time (s): cpu = 00:00:09 ; elapsed = 00:00:11 . Memory (MB): peak = 319.309 ; gain = 109.078
---------------------------------------------------------------------------------
INFO: [Device 21-403] Loading part xc7a100tcsg324-1
---------------------------------------------------------------------------------
Finished RTL Optimization Phase 2 : Time (s): cpu = 00:00:09 ; elapsed = 00:00:11 . Memory (MB): peak = 326.813 ; gain = 116.582
---------------------------------------------------------------------------------

Report RTL Partitions: 
+-+--------------+------------+----------+
| |RTL Partition |Replication |Instances |
+-+--------------+------------+----------+
+-+--------------+------------+----------+
No constraint files found.
---------------------------------------------------------------------------------
Start RTL Component Statistics 
---------------------------------------------------------------------------------
Detailed RTL Component Info : 
+---XORs : 
	   3 Input      1 Bit         XORs := 8     
---------------------------------------------------------------------------------
Finished RTL Component Statistics 
---------------------------------------------------------------------------------
---------------------------------------------------------------------------------
Start RTL Hierarchical Component Statistics 
---------------------------------------------------------------------------------
Hierarchical RTL Component report 
Module sumator_2_biti 
Detailed RTL Component Info : 
+---XORs : 
	   3 Input      1 Bit         XORs := 2     
---------------------------------------------------------------------------------
Finished RTL Hierarchical Component Statistics
---------------------------------------------------------------------------------
---------------------------------------------------------------------------------
Start Part Resource Summary
---------------------------------------------------------------------------------
Part Resources:
DSPs: 240 (col length:80)
BRAMs: 270 (col length: RAMB18 80 RAMB36 40)
---------------------------------------------------------------------------------
Finished Part Resource Summary
---------------------------------------------------------------------------------
No constraint files found.
---------------------------------------------------------------------------------
Start Cross Boundary and Area Optimization
---------------------------------------------------------------------------------
---------------------------------------------------------------------------------
Finished Cross Boundary and Area Optimization : Time (s): cpu = 00:00:15 ; elapsed = 00:00:16 . Memory (MB): peak = 465.273 ; gain = 255.043
---------------------------------------------------------------------------------

Report RTL Partitions: 
+-+--------------+------------+----------+
| |RTL Partition |Replication |Instances |
+-+--------------+------------+----------+
+-+--------------+------------+----------+
---------------------------------------------------------------------------------
Start Timing Optimization
---------------------------------------------------------------------------------
No constraint files found.
---------------------------------------------------------------------------------
Finished Timing Optimization : Time (s): cpu = 00:00:15 ; elapsed = 00:00:16 . Memory (MB): peak = 465.273 ; gain = 255.043
---------------------------------------------------------------------------------

Report RTL Partitions: 
+-+--------------+------------+----------+
| |RTL Partition |Replication |Instances |
+-+--------------+------------+----------+
+-+--------------+------------+----------+
---------------------------------------------------------------------------------
Start Technology Mapping
---------------------------------------------------------------------------------
---------------------------------------------------------------------------------
Finished Technology Mapping : Time (s): cpu = 00:00:15 ; elapsed = 00:00:16 . Memory (MB): peak = 465.273 ; gain = 255.043
---------------------------------------------------------------------------------

Report RTL Partitions: 
+-+--------------+------------+----------+
| |RTL Partition |Replication |Instances |
+-+--------------+------------+----------+
+-+--------------+------------+----------+
---------------------------------------------------------------------------------
Start IO Insertion
---------------------------------------------------------------------------------
---------------------------------------------------------------------------------
Start Flattening Before IO Insertion
---------------------------------------------------------------------------------
---------------------------------------------------------------------------------
Finished Flattening Before IO Insertion
---------------------------------------------------------------------------------
---------------------------------------------------------------------------------
Start Final Netlist Cleanup
---------------------------------------------------------------------------------
---------------------------------------------------------------------------------
Finished Final Netlist Cleanup
---------------------------------------------------------------------------------
---------------------------------------------------------------------------------
Finished IO Insertion : Time (s): cpu = 00:00:16 ; elapsed = 00:00:17 . Memory (MB): peak = 465.273 ; gain = 255.043
---------------------------------------------------------------------------------

Report Check Netlist: 
+------+------------------+-------+---------+-------+------------------+
|      |Item              |Errors |Warnings |Status |Description       |
+------+------------------+-------+---------+-------+------------------+
|1     |multi_driven_nets |      0|        0|Passed |Multi driven nets |
+------+------------------+-------+---------+-------+------------------+
---------------------------------------------------------------------------------
Start Renaming Generated Instances
---------------------------------------------------------------------------------
---------------------------------------------------------------------------------
Finished Renaming Generated Instances : Time (s): cpu = 00:00:16 ; elapsed = 00:00:17 . Memory (MB): peak = 465.273 ; gain = 255.043
---------------------------------------------------------------------------------

Report RTL Partitions: 
+-+--------------+------------+----------+
| |RTL Partition |Replication |Instances |
+-+--------------+------------+----------+
+-+--------------+------------+----------+
---------------------------------------------------------------------------------
Start Rebuilding User Hierarchy
---------------------------------------------------------------------------------
---------------------------------------------------------------------------------
Finished Rebuilding User Hierarchy : Time (s): cpu = 00:00:16 ; elapsed = 00:00:17 . Memory (MB): peak = 465.273 ; gain = 255.043
---------------------------------------------------------------------------------
---------------------------------------------------------------------------------
Start Renaming Generated Ports
---------------------------------------------------------------------------------
---------------------------------------------------------------------------------
Finished Renaming Generated Ports : Time (s): cpu = 00:00:16 ; elapsed = 00:00:17 . Memory (MB): peak = 465.273 ; gain = 255.043
---------------------------------------------------------------------------------
---------------------------------------------------------------------------------
Start Handling Custom Attributes
---------------------------------------------------------------------------------
---------------------------------------------------------------------------------
Finished Handling Custom Attributes : Time (s): cpu = 00:00:16 ; elapsed = 00:00:17 . Memory (MB): peak = 465.273 ; gain = 255.043
---------------------------------------------------------------------------------
---------------------------------------------------------------------------------
Start Renaming Generated Nets
---------------------------------------------------------------------------------
---------------------------------------------------------------------------------
Finished Renaming Generated Nets : Time (s): cpu = 00:00:16 ; elapsed = 00:00:17 . Memory (MB): peak = 465.273 ; gain = 255.043
---------------------------------------------------------------------------------
---------------------------------------------------------------------------------
Start Writing Synthesis Report
---------------------------------------------------------------------------------

Report BlackBoxes: 
+-+--------------+----------+
| |BlackBox name |Instances |
+-+--------------+----------+
+-+--------------+----------+

Report Cell Usage: 
+------+-----+------+
|      |Cell |Count |
+------+-----+------+
|1     |LUT2 |     1|
|2     |LUT3 |     3|
|3     |LUT5 |     7|
|4     |LUT6 |     1|
|5     |IBUF |    17|
|6     |OBUF |     9|
+------+-----+------+

Report Instance Areas: 
+------+---------+-------+------+
|      |Instance |Module |Cells |
+------+---------+-------+------+
|1     |top      |       |    38|
+------+---------+-------+------+
---------------------------------------------------------------------------------
Finished Writing Synthesis Report : Time (s): cpu = 00:00:16 ; elapsed = 00:00:17 . Memory (MB): peak = 465.273 ; gain = 255.043
---------------------------------------------------------------------------------
Synthesis finished with 0 errors, 0 critical warnings and 6 warnings.
Synthesis Optimization Runtime : Time (s): cpu = 00:00:13 ; elapsed = 00:00:13 . Memory (MB): peak = 465.273 ; gain = 255.043
Synthesis Optimization Complete : Time (s): cpu = 00:00:16 ; elapsed = 00:00:17 . Memory (MB): peak = 465.273 ; gain = 255.043
INFO: [Project 1-571] Translating synthesized netlist
INFO: [Netlist 29-17] Analyzing 17 Unisim elements for replacement
INFO: [Netlist 29-28] Unisim Transformation completed in 0 CPU seconds
INFO: [Project 1-570] Preparing netlist for logic optimization
INFO: [Opt 31-138] Pushed 0 inverter(s) to 0 load pin(s).
INFO: [Project 1-111] Unisim Transformation Summary:
No Unisim elements were transformed.

INFO: [Common 17-83] Releasing license: Synthesis
19 Infos, 6 Warnings, 0 Critical Warnings and 0 Errors encountered.
synth_design completed successfully
synth_design: Time (s): cpu = 00:00:16 ; elapsed = 00:00:17 . Memory (MB): peak = 535.262 ; gain = 325.031
INFO: [Common 17-1381] The checkpoint 'D:/vivado_projects/sumator/sumator.runs/synth_1/sumator_8_biti.dcp' has been generated.
report_utilization: Time (s): cpu = 00:00:00 ; elapsed = 00:00:00.025 . Memory (MB): peak = 535.262 ; gain = 0.000
INFO: [Common 17-206] Exiting Vivado at Mon Oct 25 14:29:43 2021...
